2025-06-11 00:09:05 [main] INFO  c.e.s.StudentCourseSystemApplication - Starting StudentCourseSystemApplication using Java 17.0.15 with PID 10336 (C:\Users\Sakas\Desktop\选课系统\studentcoursesystem\target\classes started by Sakasi_iN in C:\Users\Sakas\Desktop\选课系统\studentcoursesystem)
2025-06-11 00:09:05 [main] DEBUG c.e.s.StudentCourseSystemApplication - Running with Spring Boot v3.1.5, Spring v6.0.13
2025-06-11 00:09:05 [main] INFO  c.e.s.StudentCourseSystemApplication - No active profile set, falling back to 1 default profile: "default"
2025-06-11 00:09:05 [main] INFO  o.s.d.r.c.RepositoryConfigurationDelegate - Bootstrapping Spring Data JPA repositories in DEFAULT mode.
2025-06-11 00:09:06 [main] INFO  o.s.d.r.c.RepositoryConfigurationDelegate - Finished Spring Data repository scanning in 93 ms. Found 13 JPA repository interfaces.
2025-06-11 00:09:06 [main] INFO  o.s.b.w.e.tomcat.TomcatWebServer - Tomcat initialized with port(s): 8080 (http)
2025-06-11 00:09:06 [main] INFO  o.a.catalina.core.StandardService - Starting service [Tomcat]
2025-06-11 00:09:06 [main] INFO  o.a.catalina.core.StandardEngine - Starting Servlet engine: [Apache Tomcat/10.1.15]
2025-06-11 00:09:06 [main] INFO  o.a.c.c.C.[Tomcat].[localhost].[/] - Initializing Spring embedded WebApplicationContext
2025-06-11 00:09:06 [main] INFO  o.s.b.w.s.c.ServletWebServerApplicationContext - Root WebApplicationContext: initialization completed in 1596 ms
2025-06-11 00:09:06 [main] INFO  o.h.jpa.internal.util.LogHelper - HHH000204: Processing PersistenceUnitInfo [name: default]
2025-06-11 00:09:06 [main] INFO  org.hibernate.Version - HHH000412: Hibernate ORM core version 6.2.13.Final
2025-06-11 00:09:06 [main] INFO  org.hibernate.cfg.Environment - HHH000406: Using bytecode reflection optimizer
2025-06-11 00:09:07 [main] INFO  o.s.o.j.p.SpringPersistenceUnitInfo - No LoadTimeWeaver setup: ignoring JPA class transformer
2025-06-11 00:09:07 [main] INFO  com.zaxxer.hikari.HikariDataSource - HikariPool-1 - Starting...
2025-06-11 00:09:07 [main] INFO  com.zaxxer.hikari.pool.HikariPool - HikariPool-1 - Added connection com.mysql.cj.jdbc.ConnectionImpl@5366575d
2025-06-11 00:09:07 [main] INFO  com.zaxxer.hikari.HikariDataSource - HikariPool-1 - Start completed.
2025-06-11 00:09:07 [main] WARN  org.hibernate.orm.deprecation - HHH90000025: MySQLDialect does not need to be specified explicitly using 'hibernate.dialect' (remove the property setting and it will be selected by default)
2025-06-11 00:09:08 [main] INFO  o.h.e.t.j.p.i.JtaPlatformInitiator - HHH000489: No JTA platform available (set 'hibernate.transaction.jta.platform' to enable JTA platform integration)
2025-06-11 00:09:08 [main] INFO  o.s.o.j.LocalContainerEntityManagerFactoryBean - Initialized JPA EntityManagerFactory for persistence unit 'default'
2025-06-11 00:09:09 [main] INFO  o.s.d.j.r.query.QueryEnhancerFactory - Hibernate is in classpath; If applicable, HQL parser will be used.
2025-06-11 00:09:09 [main] INFO  o.s.b.a.e.web.EndpointLinksResolver - Exposing 4 endpoint(s) beneath base path '/actuator'
2025-06-11 00:09:10 [main] INFO  o.s.s.web.DefaultSecurityFilterChain - Will secure any request with [org.springframework.security.web.session.DisableEncodeUrlFilter@7aab77f, org.springframework.security.web.context.request.async.WebAsyncManagerIntegrationFilter@788b0c96, org.springframework.security.web.context.SecurityContextHolderFilter@46262fc3, org.springframework.security.web.header.HeaderWriterFilter@7f6a0ab, org.springframework.security.web.authentication.logout.LogoutFilter@e7283dd, org.springframework.security.web.authentication.UsernamePasswordAuthenticationFilter@74d926a0, org.springframework.security.web.session.ConcurrentSessionFilter@482b6e57, org.springframework.security.web.savedrequest.RequestCacheAwareFilter@2eeee108, org.springframework.security.web.servletapi.SecurityContextHolderAwareRequestFilter@b359d2d, org.springframework.security.web.authentication.AnonymousAuthenticationFilter@45dac901, org.springframework.security.web.session.SessionManagementFilter@5126c400, org.springframework.security.web.access.ExceptionTranslationFilter@56b37d59, org.springframework.security.web.access.intercept.AuthorizationFilter@76312df9]
2025-06-11 00:09:10 [main] INFO  o.s.b.w.e.tomcat.TomcatWebServer - Tomcat started on port(s): 8080 (http) with context path ''
2025-06-11 00:09:10 [main] INFO  c.e.s.StudentCourseSystemApplication - Started StudentCourseSystemApplication in 5.748 seconds (process running for 6.131)
2025-06-11 00:09:23 [http-nio-8080-exec-1] INFO  o.a.c.c.C.[Tomcat].[localhost].[/] - Initializing Spring DispatcherServlet 'dispatcherServlet'
2025-06-11 00:09:23 [http-nio-8080-exec-1] INFO  o.s.web.servlet.DispatcherServlet - Initializing Servlet 'dispatcherServlet'
2025-06-11 00:09:23 [http-nio-8080-exec-1] INFO  o.s.web.servlet.DispatcherServlet - Completed initialization in 0 ms
2025-06-11 00:09:23 [http-nio-8080-exec-1] DEBUG o.s.security.web.FilterChainProxy - Securing GET /api/auth/login
2025-06-11 00:09:23 [http-nio-8080-exec-1] DEBUG o.s.s.w.a.AnonymousAuthenticationFilter - Set SecurityContextHolder to anonymous SecurityContext
2025-06-11 00:09:23 [http-nio-8080-exec-1] DEBUG o.s.security.web.FilterChainProxy - Secured GET /api/auth/login
2025-06-11 00:09:23 [http-nio-8080-exec-1] DEBUG o.s.security.web.FilterChainProxy - Securing GET /error
2025-06-11 00:09:23 [http-nio-8080-exec-1] DEBUG o.s.security.web.FilterChainProxy - Secured GET /error
2025-06-11 00:09:23 [http-nio-8080-exec-1] DEBUG o.s.s.w.a.AnonymousAuthenticationFilter - Set SecurityContextHolder to anonymous SecurityContext
2025-06-11 00:09:23 [http-nio-8080-exec-3] DEBUG o.s.security.web.FilterChainProxy - Securing GET /favicon.ico
2025-06-11 00:09:23 [http-nio-8080-exec-3] DEBUG o.s.s.w.a.AnonymousAuthenticationFilter - Set SecurityContextHolder to anonymous SecurityContext
2025-06-11 00:09:23 [http-nio-8080-exec-3] DEBUG o.s.security.web.FilterChainProxy - Secured GET /favicon.ico
2025-06-11 00:09:23 [http-nio-8080-exec-3] DEBUG o.s.security.web.FilterChainProxy - Securing GET /error
2025-06-11 00:09:23 [http-nio-8080-exec-3] DEBUG o.s.security.web.FilterChainProxy - Secured GET /error
2025-06-11 00:09:23 [http-nio-8080-exec-3] DEBUG o.s.s.w.a.AnonymousAuthenticationFilter - Set SecurityContextHolder to anonymous SecurityContext
